--------------------
q1 > Test #1
Test #1
FAILURE
name:       check-equal?
location:   q1-bb.rkt:277:4
params:     '(world
  #f
  ((doodad 125 120 10 12 #f) (doodad 125 120 10 12 #f))
  ((doodad 460 350 -13 -9 #f) (doodad 460 350 -13 -9 #f)))
'(world #f ((doodad 125 120 10 12 #f)) ((doodad 460 350 -13 -9 #f)))
actual:     '(world
  #f
  ((doodad 125 120 10 12 #f) (doodad 125 120 10 12 #f))
  ((doodad 460 350 -13 -9 #f) (doodad 460 350 -13 -9 #f)))
expected:   '(world #f ((doodad 125 120 10 12 #f)) ((doodad 460 350 -13 -9 #f)))
expression: (check-equal? (world-as-list (initial-world 0)) (list (quote world) false (quote ((doodad 125 120 10 12 #f))) (quote ((doodad 460 350 -13 -9 #f)))))
Check failure
--------------------
--------------------
q1 > Test #2
Test #2
FAILURE
name:       check-equal?
location:   q1-bb.rkt:285:4
params:     '(world
  #t
  ((doodad 125 120 10 12 #f) (doodad 125 120 10 12 #f))
  ((doodad 460 350 -13 -9 #f) (doodad 460 350 -13 -9 #f)))
'(world #t ((doodad 125 120 10 12 #f)) ((doodad 460 350 -13 -9 #f)))
actual:     '(world
  #t
  ((doodad 125 120 10 12 #f) (doodad 125 120 10 12 #f))
  ((doodad 460 350 -13 -9 #f) (doodad 460 350 -13 -9 #f)))
expected:   '(world #t ((doodad 125 120 10 12 #f)) ((doodad 460 350 -13 -9 #f)))
expression: (check-equal? (world-as-list (world-after-key-event (initial-world 0) " ")) (list (quote world) true (quote ((doodad 125 120 10 12 #f))) (quote ((doodad 460 350 -13 -9 #f)))))
Check failure
--------------------
--------------------
q1 > Test #3
Test #3
FAILURE
name:       check-equal?
location:   q1-bb.rkt:294:4
params:     '(world
  #t
  ((doodad 125 120 10 12 #f) (doodad 125 120 10 12 #f))
  ((doodad 460 350 -13 -9 #f) (doodad 460 350 -13 -9 #f)))
'(world #t ((doodad 125 120 10 12 #f)) ((doodad 460 350 -13 -9 #f)))
actual:     '(world
  #t
  ((doodad 125 120 10 12 #f) (doodad 125 120 10 12 #f))
  ((doodad 460 350 -13 -9 #f) (doodad 460 350 -13 -9 #f)))
expected:   '(world #t ((doodad 125 120 10 12 #f)) ((doodad 460 350 -13 -9 #f)))
expression: (check-equal? (world-as-list (world-after-tick (world-after-key-event (initial-world 0) " "))) (list (quote world) true (quote ((doodad 125 120 10 12 #f))) (quote ((doodad 460 350 -13 -9 #f)))))
Check failure
--------------------
--------------------
q1 > Test #4
Test #4
FAILURE
name:       check-equal?
location:   q1-bb.rkt:304:4
params:     '(world
  #f
  ((doodad 125 120 10 12 #f) (doodad 125 120 10 12 #f))
  ((doodad 460 350 -13 -9 #f) (doodad 460 350 -13 -9 #f)))
'(world #f ((doodad 125 120 10 12 #f)) ((doodad 460 350 -13 -9 #f)))
actual:     '(world
  #f
  ((doodad 125 120 10 12 #f) (doodad 125 120 10 12 #f))
  ((doodad 460 350 -13 -9 #f) (doodad 460 350 -13 -9 #f)))
expected:   '(world #f ((doodad 125 120 10 12 #f)) ((doodad 460 350 -13 -9 #f)))
expression: (check-equal? (world-as-list (world-after-key-event (world-after-tick (world-after-key-event (initial-world 0) " ")) " ")) (list (quote world) false (quote ((doodad 125 120 10 12 #f))) (quote ((doodad 460 350 -13 -9 #f)))))
Check failure
--------------------
--------------------
q1 > Test #5
Test #5
FAILURE
name:       check-equal?
location:   q1-bb.rkt:316:4
params:     '(world
  #f
  ((doodad 135 132 10 12 #f) (doodad 135 132 10 12 #f))
  ((doodad 447 341 -13 -9 #f) (doodad 447 341 -13 -9 #f)))
'(world #f ((doodad 135 132 10 12 #f)) ((doodad 447 341 -13 -9 #f)))
actual:     '(world
  #f
  ((doodad 135 132 10 12 #f) (doodad 135 132 10 12 #f))
  ((doodad 447 341 -13 -9 #f) (doodad 447 341 -13 -9 #f)))
expected:   '(world #f ((doodad 135 132 10 12 #f)) ((doodad 447 341 -13 -9 #f)))
expression: (check-equal? (world-as-list (world-after-tick (initial-world 0))) (list (quote world) false (quote ((doodad 135 132 10 12 #f))) (quote ((doodad 447 341 -13 -9 #f)))))
Check failure
--------------------
--------------------
q1 > Test #6
Test #6
FAILURE
name:       check-equal?
location:   q1-bb.rkt:325:4
params:     '(world
  #f
  ((doodad 395 444 10 12 #f) (doodad 395 444 10 12 #f))
  ((doodad 109 107 -13 -9 #f) (doodad 109 107 -13 -9 #f)))
'(world #f ((doodad 395 444 10 12 #f)) ((doodad 109 107 -13 -9 #f)))
actual:     '(world
  #f
  ((doodad 395 444 10 12 #f) (doodad 395 444 10 12 #f))
  ((doodad 109 107 -13 -9 #f) (doodad 109 107 -13 -9 #f)))
expected:   '(world #f ((doodad 395 444 10 12 #f)) ((doodad 109 107 -13 -9 #f)))
expression: (check-equal? (world-as-list (world-after-ticks (initial-world 0) 27)) (list (quote world) false (quote ((doodad 395 444 10 12 #f))) (quote ((doodad 109 107 -13 -9 #f)))))
Check failure
--------------------
--------------------
q1 > Test #7
Test #7
FAILURE
name:       check-equal?
location:   q1-bb.rkt:334:4
params:     '(world
  #f
  ((doodad 405 440 10 -12 #f) (doodad 405 440 10 -12 #f))
  ((doodad 96 98 -13 -9 #f) (doodad 96 98 -13 -9 #f)))
'(world #f ((doodad 405 440 10 -12 #f)) ((doodad 96 98 -13 -9 #f)))
actual:     '(world
  #f
  ((doodad 405 440 10 -12 #f) (doodad 405 440 10 -12 #f))
  ((doodad 96 98 -13 -9 #f) (doodad 96 98 -13 -9 #f)))
expected:   '(world #f ((doodad 405 440 10 -12 #f)) ((doodad 96 98 -13 -9 #f)))
expression: (check-equal? (world-as-list (world-after-ticks (initial-world 0) 28)) (list (quote world) false (quote ((doodad 405 440 10 -12 #f))) (quote ((doodad 96 98 -13 -9 #f)))))
Check failure
--------------------
--------------------
q1 > Test #8
Test #8
FAILURE
name:       check-equal?
location:   q1-bb.rkt:343:4
params:     '(world
  #f
  ((doodad 475 356 10 -12 #f) (doodad 475 356 10 -12 #f))
  ((doodad 5 35 -13 -9 #f) (doodad 5 35 -13 -9 #f)))
'(world #f ((doodad 475 356 10 -12 #f)) ((doodad 5 35 -13 -9 #f)))
actual:     '(world
  #f
  ((doodad 475 356 10 -12 #f) (doodad 475 356 10 -12 #f))
  ((doodad 5 35 -13 -9 #f) (doodad 5 35 -13 -9 #f)))
expected:   '(world #f ((doodad 475 356 10 -12 #f)) ((doodad 5 35 -13 -9 #f)))
expression: (check-equal? (world-as-list (world-after-ticks (initial-world 0) 35)) (list (quote world) false (quote ((doodad 475 356 10 -12 #f))) (quote ((doodad 5 35 -13 -9 #f)))))
Check failure
--------------------
--------------------
q1 > Test #9
Test #9
FAILURE
name:       check-equal?
location:   q1-bb.rkt:352:4
params:     '(world
  #f
  ((doodad 485 344 10 -12 #f) (doodad 485 344 10 -12 #f))
  ((doodad 8 26 13 -9 #f) (doodad 8 26 13 -9 #f)))
'(world #f ((doodad 485 344 10 -12 #f)) ((doodad 8 26 13 -9 #f)))
actual:     '(world
  #f
  ((doodad 485 344 10 -12 #f) (doodad 485 344 10 -12 #f))
  ((doodad 8 26 13 -9 #f) (doodad 8 26 13 -9 #f)))
expected:   '(world #f ((doodad 485 344 10 -12 #f)) ((doodad 8 26 13 -9 #f)))
expression: (check-equal? (world-as-list (world-after-ticks (initial-world 0) 36)) (list (quote world) false (quote ((doodad 485 344 10 -12 #f))) (quote ((doodad 8 26 13 -9 #f)))))
Check failure
--------------------
--------------------
q1 > Test #10
Test #10
ERROR
error: format string requires 0 arguments, given 1; arguments were: 'world-doodad-1star "not one star" (list #0=(doodad "radial-star" 125 120 10 12 "Gold" #f 0 0 0) #0#)
  context...:
   /home/justin/src/CODECUT/set04/pdp-abhishekmulay/set04/q1-bb.rkt:150:10: loop
   /usr/share/racket/collects/racket/private/more-scheme.rkt:261:28
   .../more-scheme.rkt:261:28
   /usr/share/racket/pkgs/rackunit-lib/rackunit/private/result.rkt:99:3
   /usr/share/racket/pkgs/rackunit-lib/rackunit/private/test-suite.rkt:28:2
   /usr/share/racket/pkgs/rackunit-lib/rackunit/private/test-suite.rkt:85:13: the-tests
   /usr/share/racket/pkgs/rackunit-lib/rackunit/private/test-suite.rkt:60:0: apply-test-suite
   /usr/share/racket/pkgs/rackunit-lib/rackunit/text-ui.rkt:200:0: run-tests14
   /home/justin/src/CODECUT/set04/pdp-abhishekmulay/set04/q1-bb.rkt: [running body]

--------------------
--------------------
q1 > Test #11
Test #11
ERROR
error: format string requires 0 arguments, given 1; arguments were: 'world-doodad-1star "not one star" (list #0=(doodad "radial-star" 125 120 10 12 "Gold" #f 0 0 0) #0#)
  context...:
   /usr/share/racket/collects/racket/private/more-scheme.rkt:261:28
   .../more-scheme.rkt:261:28
   /usr/share/racket/pkgs/rackunit-lib/rackunit/private/result.rkt:99:3
   /usr/share/racket/pkgs/rackunit-lib/rackunit/private/test-suite.rkt:28:2
   /usr/share/racket/pkgs/rackunit-lib/rackunit/private/test-suite.rkt:85:13: the-tests
   /usr/share/racket/pkgs/rackunit-lib/rackunit/private/test-suite.rkt:60:0: apply-test-suite
   /usr/share/racket/pkgs/rackunit-lib/rackunit/text-ui.rkt:200:0: run-tests14
   /home/justin/src/CODECUT/set04/pdp-abhishekmulay/set04/q1-bb.rkt: [running body]

--------------------
--------------------
q1 > Test #12
Test #12
ERROR
error: format string requires 0 arguments, given 1; arguments were: 'world-doodad-1star "not one star" (list (doodad "radial-star" 395 444 10 12 "Gold" #f 0 0 27) (doodad "radial-star" ...
  context...:
   /usr/share/racket/collects/racket/private/more-scheme.rkt:261:28
   .../more-scheme.rkt:261:28
   /usr/share/racket/pkgs/rackunit-lib/rackunit/private/result.rkt:99:3
   /usr/share/racket/pkgs/rackunit-lib/rackunit/private/test-suite.rkt:28:2
   /usr/share/racket/pkgs/rackunit-lib/rackunit/private/test-suite.rkt:85:13: the-tests
   /usr/share/racket/pkgs/rackunit-lib/rackunit/private/test-suite.rkt:60:0: apply-test-suite
   /usr/share/racket/pkgs/rackunit-lib/rackunit/text-ui.rkt:200:0: run-tests14
   /home/justin/src/CODECUT/set04/pdp-abhishekmulay/set04/q1-bb.rkt: [running body]

--------------------
--------------------
q1 > Test #13
Test #13
ERROR
error: format string requires 0 arguments, given 1; arguments were: 'world-doodad-1star "not one star" (list (doodad "radial-star" 595 212 10 -12 "Green" #f 0 0 47) (doodad "radial-star...
  context...:
   /usr/share/racket/collects/racket/private/more-scheme.rkt:261:28
   .../more-scheme.rkt:261:28
   /usr/share/racket/pkgs/rackunit-lib/rackunit/private/result.rkt:99:3
   /usr/share/racket/pkgs/rackunit-lib/rackunit/private/test-suite.rkt:28:2
   /usr/share/racket/pkgs/rackunit-lib/rackunit/private/test-suite.rkt:85:13: the-tests
   /usr/share/racket/pkgs/rackunit-lib/rackunit/private/test-suite.rkt:60:0: apply-test-suite
   /usr/share/racket/pkgs/rackunit-lib/rackunit/text-ui.rkt:200:0: run-tests14
   /home/justin/src/CODECUT/set04/pdp-abhishekmulay/set04/q1-bb.rkt: [running body]

--------------------
--------------------
q1 > Test #14
Test #14
ERROR
error: format string requires 0 arguments, given 1; arguments were: 'world-doodad-1star "not one star" (list (doodad "radial-star" 435 8 -10 -12 "Blue" #f 0 0 64) (doodad "radial-star" ...
  context...:
   /usr/share/racket/collects/racket/private/more-scheme.rkt:261:28
   .../more-scheme.rkt:261:28
   /usr/share/racket/pkgs/rackunit-lib/rackunit/private/result.rkt:99:3
   /usr/share/racket/pkgs/rackunit-lib/rackunit/private/test-suite.rkt:28:2
   /usr/share/racket/pkgs/rackunit-lib/rackunit/private/test-suite.rkt:85:13: the-tests
   /usr/share/racket/pkgs/rackunit-lib/rackunit/private/test-suite.rkt:60:0: apply-test-suite
   /usr/share/racket/pkgs/rackunit-lib/rackunit/text-ui.rkt:200:0: run-tests14
   /home/justin/src/CODECUT/set04/pdp-abhishekmulay/set04/q1-bb.rkt: [running body]

--------------------
--------------------
q1 > Test #15
Test #15
ERROR
error: format string requires 0 arguments, given 1; arguments were: 'world-doodad-1star "not one star" (list #0=(doodad "radial-star" 125 120 10 12 "Gold" #f 0 0 0) #0#)
  context...:
   /usr/share/racket/collects/racket/private/more-scheme.rkt:261:28
   .../more-scheme.rkt:261:28
   /usr/share/racket/pkgs/rackunit-lib/rackunit/private/result.rkt:99:3
   /usr/share/racket/pkgs/rackunit-lib/rackunit/private/test-suite.rkt:28:2
   /usr/share/racket/pkgs/rackunit-lib/rackunit/private/test-suite.rkt:85:13: the-tests
   /usr/share/racket/pkgs/rackunit-lib/rackunit/private/test-suite.rkt:60:0: apply-test-suite
   /usr/share/racket/pkgs/rackunit-lib/rackunit/text-ui.rkt:200:0: run-tests14
   /home/justin/src/CODECUT/set04/pdp-abhishekmulay/set04/q1-bb.rkt: [running body]

--------------------
--------------------
q1 > Test #16
Test #16
ERROR
error: format string requires 0 arguments, given 1; arguments were: 'world-doodad-1square "not one star" (list #0=(doodad "square" 460 350 -13 -9 "Gray" #f 0 0 0) #0#)
  context...:
   /home/justin/src/CODECUT/set04/pdp-abhishekmulay/set04/q1-bb.rkt:150:10: loop
   /usr/share/racket/collects/racket/private/more-scheme.rkt:261:28
   .../more-scheme.rkt:261:28
   /usr/share/racket/pkgs/rackunit-lib/rackunit/private/result.rkt:99:3
   /usr/share/racket/pkgs/rackunit-lib/rackunit/private/test-suite.rkt:28:2
   /usr/share/racket/pkgs/rackunit-lib/rackunit/private/test-suite.rkt:85:13: the-tests
   /usr/share/racket/pkgs/rackunit-lib/rackunit/private/test-suite.rkt:60:0: apply-test-suite
   /usr/share/racket/pkgs/rackunit-lib/rackunit/text-ui.rkt:200:0: run-tests14
   /home/justin/src/CODECUT/set04/pdp-abhishekmulay/set04/q1-bb.rkt: [running body]

--------------------
--------------------
q1 > Test #17
Test #17
ERROR
error: format string requires 0 arguments, given 1; arguments were: 'world-doodad-1square "not one star" (list #0=(doodad "square" 460 350 -13 -9 "Gray" #f 0 0 0) #0#)
  context...:
   /usr/share/racket/collects/racket/private/more-scheme.rkt:261:28
   .../more-scheme.rkt:261:28
   /usr/share/racket/pkgs/rackunit-lib/rackunit/private/result.rkt:99:3
   /usr/share/racket/pkgs/rackunit-lib/rackunit/private/test-suite.rkt:28:2
   /usr/share/racket/pkgs/rackunit-lib/rackunit/private/test-suite.rkt:85:13: the-tests
   /usr/share/racket/pkgs/rackunit-lib/rackunit/private/test-suite.rkt:60:0: apply-test-suite
   /usr/share/racket/pkgs/rackunit-lib/rackunit/text-ui.rkt:200:0: run-tests14
   /home/justin/src/CODECUT/set04/pdp-abhishekmulay/set04/q1-bb.rkt: [running body]

--------------------
--------------------
q1 > Test #18
Test #18
ERROR
error: format string requires 0 arguments, given 1; arguments were: 'world-doodad-1square "not one star" (list (doodad "square" 5 35 -13 -9 "Gray" #f 0 0 35) (doodad "square" 5 35 -13 -9 ...
  context...:
   /usr/share/racket/collects/racket/private/more-scheme.rkt:261:28
   .../more-scheme.rkt:261:28
   /usr/share/racket/pkgs/rackunit-lib/rackunit/private/result.rkt:99:3
   /usr/share/racket/pkgs/rackunit-lib/rackunit/private/test-suite.rkt:28:2
   /usr/share/racket/pkgs/rackunit-lib/rackunit/private/test-suite.rkt:85:13: the-tests
   /usr/share/racket/pkgs/rackunit-lib/rackunit/private/test-suite.rkt:60:0: apply-test-suite
   /usr/share/racket/pkgs/rackunit-lib/rackunit/text-ui.rkt:200:0: run-tests14
   /home/justin/src/CODECUT/set04/pdp-abhishekmulay/set04/q1-bb.rkt: [running body]

--------------------
--------------------
q1 > Test #19
Test #19
ERROR
error: format string requires 0 arguments, given 1; arguments were: 'world-doodad-1square "not one star" (list (doodad "square" 34 8 13 -9 "OliveDrab" #f 0 0 38) (doodad "square" 34 8 13 ...
  context...:
   /usr/share/racket/collects/racket/private/more-scheme.rkt:261:28
   .../more-scheme.rkt:261:28
   /usr/share/racket/pkgs/rackunit-lib/rackunit/private/result.rkt:99:3
   /usr/share/racket/pkgs/rackunit-lib/rackunit/private/test-suite.rkt:28:2
   /usr/share/racket/pkgs/rackunit-lib/rackunit/private/test-suite.rkt:85:13: the-tests
   /usr/share/racket/pkgs/rackunit-lib/rackunit/private/test-suite.rkt:60:0: apply-test-suite
   /usr/share/racket/pkgs/rackunit-lib/rackunit/text-ui.rkt:200:0: run-tests14
   /home/justin/src/CODECUT/set04/pdp-abhishekmulay/set04/q1-bb.rkt: [running body]

--------------------
--------------------
q1 > Test #20
Test #20
ERROR
error: format string requires 0 arguments, given 1; arguments were: 'world-doodad-1square "not one star" (list (doodad "square" 593 379 13 9 "Khaki" #f 0 0 81) (doodad "square" 593 379 13...
  context...:
   /usr/share/racket/collects/racket/private/more-scheme.rkt:261:28
   .../more-scheme.rkt:261:28
   /usr/share/racket/pkgs/rackunit-lib/rackunit/private/result.rkt:99:3
   /usr/share/racket/pkgs/rackunit-lib/rackunit/private/test-suite.rkt:28:2
   /usr/share/racket/pkgs/rackunit-lib/rackunit/private/test-suite.rkt:85:13: the-tests
   /usr/share/racket/pkgs/rackunit-lib/rackunit/private/test-suite.rkt:60:0: apply-test-suite
   /usr/share/racket/pkgs/rackunit-lib/rackunit/text-ui.rkt:200:0: run-tests14
   /home/justin/src/CODECUT/set04/pdp-abhishekmulay/set04/q1-bb.rkt: [running body]

--------------------
--------------------
q1 > Test #21
Test #21
ERROR
error: format string requires 0 arguments, given 1; arguments were: 'world-doodad-1square "not one star" (list (doodad "square" 516 442 -13 9 "Orange" #f 0 0 88) (doodad "square" 516 442 ...
  context...:
   /usr/share/racket/collects/racket/private/more-scheme.rkt:261:28
   .../more-scheme.rkt:261:28
   /usr/share/racket/pkgs/rackunit-lib/rackunit/private/result.rkt:99:3
   /usr/share/racket/pkgs/rackunit-lib/rackunit/private/test-suite.rkt:28:2
   /usr/share/racket/pkgs/rackunit-lib/rackunit/private/test-suite.rkt:85:13: the-tests
   /usr/share/racket/pkgs/rackunit-lib/rackunit/private/test-suite.rkt:60:0: apply-test-suite
   /usr/share/racket/pkgs/rackunit-lib/rackunit/text-ui.rkt:200:0: run-tests14
   /home/justin/src/CODECUT/set04/pdp-abhishekmulay/set04/q1-bb.rkt: [running body]

--------------------
--------------------
q1 > Test #22
Test #22
ERROR
error: format string requires 0 arguments, given 1; arguments were: 'world-doodad-1square "not one star" (list (doodad "square" 9 103 -13 -9 "Crimson" #f 0 0 127) (doodad "square" 9 103 -...
  context...:
   /usr/share/racket/collects/racket/private/more-scheme.rkt:261:28
   .../more-scheme.rkt:261:28
   /usr/share/racket/pkgs/rackunit-lib/rackunit/private/result.rkt:99:3
   /usr/share/racket/pkgs/rackunit-lib/rackunit/private/test-suite.rkt:28:2
   /usr/share/racket/pkgs/rackunit-lib/rackunit/private/test-suite.rkt:85:13: the-tests
   /usr/share/racket/pkgs/rackunit-lib/rackunit/private/test-suite.rkt:60:0: apply-test-suite
   /usr/share/racket/pkgs/rackunit-lib/rackunit/text-ui.rkt:200:0: run-tests14
   /home/justin/src/CODECUT/set04/pdp-abhishekmulay/set04/q1-bb.rkt: [running body]

--------------------
--------------------
q1 > Test #23
Test #23
ERROR
error: format string requires 0 arguments, given 1; arguments were: 'world-doodad-1square "not one star" (list #0=(doodad "square" 460 350 -13 -9 "Gray" #f 0 0 0) #0#)
  context...:
   /usr/share/racket/collects/racket/private/more-scheme.rkt:261:28
   .../more-scheme.rkt:261:28
   /usr/share/racket/pkgs/rackunit-lib/rackunit/private/result.rkt:99:3
   /usr/share/racket/pkgs/rackunit-lib/rackunit/private/test-suite.rkt:28:2
   /usr/share/racket/pkgs/rackunit-lib/rackunit/private/test-suite.rkt:85:13: the-tests
   /usr/share/racket/pkgs/rackunit-lib/rackunit/private/test-suite.rkt:60:0: apply-test-suite
   /usr/share/racket/pkgs/rackunit-lib/rackunit/text-ui.rkt:200:0: run-tests14
   /home/justin/src/CODECUT/set04/pdp-abhishekmulay/set04/q1-bb.rkt: [running body]

--------------------
--------------------
q1 > Test #24
Test #24
ERROR
error: format string requires 0 arguments, given 1; arguments were: 'world-doodad-1star "not one star" (list #0=(doodad "radial-star" 125 120 10 12 "Gold" #f 0 0 0) #0#)
  context...:
   /home/justin/src/CODECUT/set04/pdp-abhishekmulay/set04/q1-bb.rkt:252:10: loop
   /usr/share/racket/collects/racket/private/more-scheme.rkt:261:28
   .../more-scheme.rkt:261:28
   /usr/share/racket/pkgs/rackunit-lib/rackunit/private/result.rkt:99:3
   /usr/share/racket/pkgs/rackunit-lib/rackunit/private/test-suite.rkt:28:2
   /usr/share/racket/pkgs/rackunit-lib/rackunit/private/test-suite.rkt:85:13: the-tests
   /usr/share/racket/pkgs/rackunit-lib/rackunit/private/test-suite.rkt:60:0: apply-test-suite
   /usr/share/racket/pkgs/rackunit-lib/rackunit/text-ui.rkt:200:0: run-tests14
   /home/justin/src/CODECUT/set04/pdp-abhishekmulay/set04/q1-bb.rkt: [running body]

--------------------
--------------------
q1 > Test #25
Test #25
ERROR
error: format string requires 0 arguments, given 1; arguments were: 'world-doodad-1star "not one star" (list (doodad "radial-star" 425 416 10 -12 "Green" #f 0 0 30) (doodad "radial-star...
  context...:
   /usr/share/racket/collects/racket/private/more-scheme.rkt:261:28
   .../more-scheme.rkt:261:28
   /usr/share/racket/pkgs/rackunit-lib/rackunit/private/result.rkt:99:3
   /usr/share/racket/pkgs/rackunit-lib/rackunit/private/test-suite.rkt:28:2
   /usr/share/racket/pkgs/rackunit-lib/rackunit/private/test-suite.rkt:85:13: the-tests
   /usr/share/racket/pkgs/rackunit-lib/rackunit/private/test-suite.rkt:60:0: apply-test-suite
   /usr/share/racket/pkgs/rackunit-lib/rackunit/text-ui.rkt:200:0: run-tests14
   /home/justin/src/CODECUT/set04/pdp-abhishekmulay/set04/q1-bb.rkt: [running body]

--------------------
--------------------
q1 > Test #27
Test #27
FAILURE
name:       check-equal?
location:   q1-bb.rkt:494:4
params:     '(world
  #f
  ((doodad 125 120 10 12 #f) (doodad 125 120 10 12 #f))
  ((doodad 460 350 -13 -9 #f) (doodad 460 350 -13 -9 #f)))
'(world #f ((doodad 125 120 10 12 #f)) ((doodad 460 350 -13 -9 #f)))
actual:     '(world
  #f
  ((doodad 125 120 10 12 #f) (doodad 125 120 10 12 #f))
  ((doodad 460 350 -13 -9 #f) (doodad 460 350 -13 -9 #f)))
expected:   '(world #f ((doodad 125 120 10 12 #f)) ((doodad 460 350 -13 -9 #f)))
expression: (check-equal? (world-as-list (initial-world 0)) (list (quote world) false (quote ((doodad 125 120 10 12 #f))) (quote ((doodad 460 350 -13 -9 #f)))))
message:    "doodads should be unselected at first"
Check failure
--------------------
--------------------
q1 > Test #28
Test #28
FAILURE
name:       check-equal?
location:   q1-bb.rkt:503:4
params:     '(world
  #f
  ((doodad 125 120 10 12 #t) (doodad 125 120 10 12 #t))
  ((doodad 460 350 -13 -9 #f) (doodad 460 350 -13 -9 #f)))
'(world #f ((doodad 125 120 10 12 #t)) ((doodad 460 350 -13 -9 #f)))
actual:     '(world
  #f
  ((doodad 125 120 10 12 #t) (doodad 125 120 10 12 #t))
  ((doodad 460 350 -13 -9 #f) (doodad 460 350 -13 -9 #f)))
expected:   '(world #f ((doodad 125 120 10 12 #t)) ((doodad 460 350 -13 -9 #f)))
expression: (check-equal? (world-as-list (world-after-mouse-event (initial-world 0) 125 120 "button-down")) (list (quote world) false (quote ((doodad 125 120 10 12 #t))) (quote ((doodad 460 350 -13 -9 #f)))))
message:    "star should be selected by button-down"
Check failure
--------------------
--------------------
q1 > Test #29
Test #29
FAILURE
name:       check-equal?
location:   q1-bb.rkt:514:4
params:     '(world
  #f
  ((doodad 345 220 10 12 #t) (doodad 345 220 10 12 #t))
  ((doodad 460 350 -13 -9 #f) (doodad 460 350 -13 -9 #f)))
'(world #f ((doodad 345 220 10 12 #t)) ((doodad 460 350 -13 -9 #f)))
actual:     '(world
  #f
  ((doodad 345 220 10 12 #t) (doodad 345 220 10 12 #t))
  ((doodad 460 350 -13 -9 #f) (doodad 460 350 -13 -9 #f)))
expected:   '(world #f ((doodad 345 220 10 12 #t)) ((doodad 460 350 -13 -9 #f)))
expression: (check-equal? (world-as-list (world-after-mouse-event (world-after-mouse-event (initial-world 0) 125 120 "button-down") 345 220 "drag")) (list (quote world) false (quote ((doodad 345 220 10 12 #t))) (quote ((doodad 460 350 -13 -9 #f)))))
message:    "star should have been dragged"
Check failure
--------------------
--------------------
q1 > Test #30
Test #30
FAILURE
name:       check-equal?
location:   q1-bb.rkt:527:4
params:     '(world
  #f
  ((doodad 440 360 10 12 #f) (doodad 440 360 10 12 #f))
  ((doodad 460 350 -13 -9 #f) (doodad 460 350 -13 -9 #f)))
'(world #f ((doodad 440 360 10 12 #f)) ((doodad 460 350 -13 -9 #f)))
actual:     '(world
  #f
  ((doodad 440 360 10 12 #f) (doodad 440 360 10 12 #f))
  ((doodad 460 350 -13 -9 #f) (doodad 460 350 -13 -9 #f)))
expected:   '(world #f ((doodad 440 360 10 12 #f)) ((doodad 460 350 -13 -9 #f)))
expression: (check-equal? (world-as-list (world-after-mouse-event (world-after-mouse-event (world-after-mouse-event (initial-world 0) 125 120 "button-down") 440 360 "drag") 440 360 "button-up")) (list (quote world) false (quote ((doodad 440 360 10 12 #f))) (quote ((doodad 460 350 -13 -9 #f)))))
message:    "star should have been dragged and unselected"
Check failure
--------------------
--------------------
q1 > Test #31
Test #31
FAILURE
name:       check-equal?
location:   q1-bb.rkt:542:4
params:     '(world
  #f
  ((doodad 150 200 10 12 #f) (doodad 150 200 10 12 #f))
  ((doodad 170 190 -13 -9 #f) (doodad 170 190 -13 -9 #f)))
'(world #f ((doodad 150 200 10 12 #f)) ((doodad 170 190 -13 -9 #f)))
actual:     '(world
  #f
  ((doodad 150 200 10 12 #f) (doodad 150 200 10 12 #f))
  ((doodad 170 190 -13 -9 #f) (doodad 170 190 -13 -9 #f)))
expected:   '(world #f ((doodad 150 200 10 12 #f)) ((doodad 170 190 -13 -9 #f)))
expression: (check-equal? (world-as-list (world-after-mouse-event (world-after-mouse-event (world-after-mouse-event (world-after-mouse-event (world-after-mouse-event (world-after-mouse-event (initial-world 0) 125 120 "button-down") 440 360 "drag") 440 360 "button-up") 440 360 "button-down") 150 200 "drag") 150 200 "button-up")) (list (quote world) false (quote ((doodad 150 200 10 12 #f))) (quote ((doodad 170 190 -13 -9 #f)))))
message:    "both doodads should have been dragged"
Check failure
--------------------
--------------------
q1 > Test #33
Test #33
ERROR
error: format string requires 0 arguments, given 1; arguments were: 'world-doodad-1star "not one star" (list #0=(doodad "radial-star" 125 120 10 12 "Gold" #f 0 0 0) #0#)
  context...:
   /usr/share/racket/collects/racket/private/more-scheme.rkt:261:28
   .../more-scheme.rkt:261:28
   /usr/share/racket/pkgs/rackunit-lib/rackunit/private/result.rkt:99:3
   /usr/share/racket/pkgs/rackunit-lib/rackunit/private/test-suite.rkt:28:2
   /usr/share/racket/pkgs/rackunit-lib/rackunit/private/test-suite.rkt:85:13: the-tests
   /usr/share/racket/pkgs/rackunit-lib/rackunit/private/test-suite.rkt:60:0: apply-test-suite
   /usr/share/racket/pkgs/rackunit-lib/rackunit/text-ui.rkt:200:0: run-tests14
   /home/justin/src/CODECUT/set04/pdp-abhishekmulay/set04/q1-bb.rkt: [running body]

--------------------
--------------------
q1 > Test #34
Test #34
ERROR
error: format string requires 0 arguments, given 1; arguments were: 'world-doodad-1square "not one star" (list #0=(doodad "square" 460 350 -13 -9 "Gray" #f 0 0 0) #0#)
  context...:
   /usr/share/racket/collects/racket/private/more-scheme.rkt:261:28
   .../more-scheme.rkt:261:28
   /usr/share/racket/pkgs/rackunit-lib/rackunit/private/result.rkt:99:3
   /usr/share/racket/pkgs/rackunit-lib/rackunit/private/test-suite.rkt:28:2
   /usr/share/racket/pkgs/rackunit-lib/rackunit/private/test-suite.rkt:85:13: the-tests
   /usr/share/racket/pkgs/rackunit-lib/rackunit/private/test-suite.rkt:60:0: apply-test-suite
   /usr/share/racket/pkgs/rackunit-lib/rackunit/text-ui.rkt:200:0: run-tests14
   /home/justin/src/CODECUT/set04/pdp-abhishekmulay/set04/q1-bb.rkt: [running body]

--------------------
--------------------
q1 > Test #35
Test #35
ERROR
error: format string requires 0 arguments, given 1; arguments were: 'world-doodad-1star "not one star" (list (doodad "radial-star" 455 188 10 -12 "Blue" #f 0 0 273) (doodad "radial-star...
  context...:
   /usr/share/racket/collects/racket/private/more-scheme.rkt:261:28
   .../more-scheme.rkt:261:28
   /usr/share/racket/pkgs/rackunit-lib/rackunit/private/result.rkt:99:3
   /usr/share/racket/pkgs/rackunit-lib/rackunit/private/test-suite.rkt:28:2
   /usr/share/racket/pkgs/rackunit-lib/rackunit/private/test-suite.rkt:85:13: the-tests
   /usr/share/racket/pkgs/rackunit-lib/rackunit/private/test-suite.rkt:60:0: apply-test-suite
   /usr/share/racket/pkgs/rackunit-lib/rackunit/text-ui.rkt:200:0: run-tests14
   /home/justin/src/CODECUT/set04/pdp-abhishekmulay/set04/q1-bb.rkt: [running body]

--------------------
--------------------
q1 > Test #36
Test #36
ERROR
error: format string requires 0 arguments, given 1; arguments were: 'world-doodad-1square "not one star" (list (doodad "square" 18 44 -13 -9 "Gray" #f 0 0 34) (doodad "square" 18 44 -13 -...
  context...:
   /usr/share/racket/collects/racket/private/more-scheme.rkt:261:28
   .../more-scheme.rkt:261:28
   /usr/share/racket/pkgs/rackunit-lib/rackunit/private/result.rkt:99:3
   /usr/share/racket/pkgs/rackunit-lib/rackunit/private/test-suite.rkt:28:2
   /usr/share/racket/pkgs/rackunit-lib/rackunit/private/test-suite.rkt:85:13: the-tests
   /usr/share/racket/pkgs/rackunit-lib/rackunit/private/test-suite.rkt:60:0: apply-test-suite
   /usr/share/racket/pkgs/rackunit-lib/rackunit/text-ui.rkt:200:0: run-tests14
   /home/justin/src/CODECUT/set04/pdp-abhishekmulay/set04/q1-bb.rkt: [running body]

--------------------
--------------------
q1 > Test #38
Test #38
FAILURE
name:       check-equal?
location:   q1-bb.rkt:623:4
params:     '(world #f () ((doodad 585 63 -13 -13 #f)))
'(world #f () ((doodad 335 133 13 9 #f)))
actual:     '(world #f () ((doodad 585 63 -13 -13 #f)))
expected:   '(world #f () ((doodad 335 133 13 9 #f)))
expression: (check-equal? (world-as-list (world-after-ticks-and-key-events (initial-world 192) (list 25 "q" 50 "q" 30 "." 45 "t" 100 "."))) (list (quote world) false empty (quote ((doodad 335 133 13 9 #f)))))
message:    "world wrong after these events: 25 q 50 q 30 . 45 5 100 ."
Check failure
--------------------
--------------------
q1 > Test #40
Test #40
FAILURE
name:       check-equal?
location:   q1-bb.rkt:645:4
params:     '(world
  #f
  ((doodad 35 12 -10 -12 #f)
   (doodad 89 150 -12 10 #f)
   (doodad 115 108 -10 -12 #f)
   (doodad 175 180 10 12 #f)
   (doodad 209 50 12 -10 #f)
   (doodad 225 240 10 12 #f)
   (doodad 225 240 10 12 #f))
  ((doodad 330 260 -13 -9 #f)
   (doodad 330 260 -13 -9 #f)
   (doodad 382 428 -13 13 #f)
   (doodad 434 376 -13 13 #f)
   (doodad 460 350 13 -13 #f)
   (doodad 512 298 13 -13 #f)
   (doodad 564 422 13 9 #f)))
'(world
  #f
  ((doodad 17 210 -12 10 #f)
   (doodad 55 36 -10 -12 #f)
   (doodad 113 130 -12 10 #f)
   (doodad 155 156 10 12 #f)
   (doodad 185 70 12 -10 #f)
   (doodad 225 240 10 12 #f))
  ((doodad 330 260 -13 -9 #f)
   (doodad 424 402 -9 13 #f)
   (doodad 434 332 -13 -9 #f)
   (doodad 460 350 9 -13 #f)
   (doodad 532 246 9 -13 #f)
   (doodad 538 404 13 9 #f)))
actual:     '(world
  #f
  ((doodad 35 12 -10 -12 #f)
   (doodad 89 150 -12 10 #f)
   (doodad 115 108 -10 -12 #f)
   (doodad 175 180 10 12 #f)
   (doodad 209 50 12 -10 #f)
   (doodad 225 240 10 12 #f)
   (doodad 225 240 10 12 #f))
  ((doodad 330 260 -13 -9 #f)
   (doodad 330 260 -13 -9 #f)
   (doodad 382 428 -13 13 #f)
   (doodad 434 376 -13 13 #f)
   (doodad 460 350 13 -13 #f)
   (doodad 512 298 13 -13 #f)
   (doodad 564 422 13 9 #f)))
expected:   '(world
  #f
  ((doodad 17 210 -12 10 #f)
   (doodad 55 36 -10 -12 #f)
   (doodad 113 130 -12 10 #f)
   (doodad 155 156 10 12 #f)
   (doodad 185 70 12 -10 #f)
   (doodad 225 240 10 12 #f))
  ((doodad 330 260 -13 -9 #f)
   (doodad 424 402 -9 13 #f)
   (doodad 434 332 -13 -9 #f)
   (doodad 460 350 9 -13 #f)
   (doodad 532 246 9 -13 #f)
   (doodad 538 404 13 9 #f)))
expression: (check-equal? (world-as-list (world-after-ticks-and-key-events (initial-world 0) (list 1 "t" 1 "q" 1 "t" 1 "q" 1 "t" 1 "q" 1 "t" 1 "q" 1 "t" 1 "q"))) (list (quote world) false (insertion-sort doodad-as-list< (list (list (quote doodad) (+ 125 (* 10 10)) (+ 120 (* 10 12)) 10 12 #f) (list (quote doodad) (+ 125 (* 9 -12)) (+ 120 (* 9 10)) -12 10 #f) (list (quote doodad) (+ 125 (* 7 -10)) (+ 120 (* 7 -12)) -10 -12 #f) (list (quote doodad) (+ 125 (* 5 12)) (+ 120 (* 5 -10)) 12 -10 #f) (list (quote doodad) (+ 125 (* 3 10)) (+ 120 (* 3 12)) 10 12 #f) (list (quote doodad) (+ 125 (* 1 -12)) (+ 120 (* 1 10)) -12 10 #f))) (insertion-sort doodad-as-list< (list (list (quote doodad) (+ 460 (* 10 -13)) (+ 350 (* 10 -9)) -13 -9 #f) (list (quote doodad) (+ 460 (* 8 9)) (+ 350 (* 8 -13)) 9 -13 #f) (list (quote doodad) (+ 460 (* 6 13)) (+ 350 (* 6 9)) 13 9 #f) (list (quote doodad) (+ 460 (* 4 -9)) (+ 350 (* 4 13)) -9 13 #f) (list (quote doodad) (+ 460 (* 2 -13)) (+ 350 (* 2 -9)) -13 -9 #f) (list (quote doodad) (+ 460 (* 0 9)) (+ 350 (* 0 -13)) 9 -13 #f)))))
message:    "new doodads aren't going in the right directions"
Check failure
--------------------
--------------------
q1 > Test #41
Test #41
FAILURE
name:       check-equal?
location:   q1-bb.rkt:708:4
params:     '(#f #f #f #f #f #t #t #f #t #t)
'(#t #t #t #t #t #t #t #t #t #t)
actual:     '(#f #f #f #f #f #t #t #f #t #t)
expected:   '(#t #t #t #t #t #t #t #t #t #t)
expression: (check-equal? (let* ((w (world-after-ticks-and-key-events (initial-world 0) (list 100 "t" 100 "q" 100 "t" 100 "q" 100 "t" 100 "q" 100 "t" 100 "q" 100 "t" 100 "q"))) (stars (world-doodads-star w)) (squares (world-doodads-square w)) (stars (insertion-sort doodad< stars)) (squares (insertion-sort doodad< squares)) (colors1 (map doodad-color stars)) (colors2 (map doodad-color squares)) (c100 (list-ref colors1 0)) (c101 (list-ref colors1 1)) (c102 (list-ref colors1 2)) (c103 (list-ref colors1 3)) (c104 (list-ref colors1 4)) (c105 (list-ref colors1 5)) (c200 (list-ref colors2 0)) (c201 (list-ref colors2 1)) (c202 (list-ref colors2 2)) (c203 (list-ref colors2 3)) (c204 (list-ref colors2 4)) (c205 (list-ref colors2 5))) (list (colors-are-equal? c100 c101) (colors-are-equal? c101 c103) (colors-are-equal? c103 c104) (colors-not-equal? c101 c102) (colors-not-equal? c104 c105) (colors-not-equal? c200 c201) (colors-not-equal? c201 c202) (colors-not-equal? c202 c203) (colors-are-equal? c203 c204) (colors-not-equal? c204 c205))) (quote (#t #t #t #t #t #t #t #t #t #t)))
message:    "new doodads don't change color correctly"
Check failure
--------------------
--------------------
q1 > Test #42
Test #42
FAILURE
name:       check-equal?
location:   q1-bb.rkt:746:4
params:     '(world
  #f
  ((doodad 225 240 10 12 #f)
   (doodad 225 240 10 12 #f)
   (doodad 379 421 -12 10 #f)
   (doodad 379 421 -10 -12 #f)
   (doodad 379 421 10 12 #f)
   (doodad 379 421 12 -10 #f))
  ((doodad 330 260 -13 -9 #f) (doodad 330 260 -13 -9 #f)))
'(world
  #f
  ((doodad 225 240 10 12 #f)
   (doodad 379 421 -12 10 #f)
   (doodad 379 421 -10 -12 #f)
   (doodad 379 421 10 12 #f)
   (doodad 379 421 12 -10 #f))
  ((doodad 330 260 -13 -9 #f)))
actual:     '(world
  #f
  ((doodad 225 240 10 12 #f)
   (doodad 225 240 10 12 #f)
   (doodad 379 421 -12 10 #f)
   (doodad 379 421 -10 -12 #f)
   (doodad 379 421 10 12 #f)
   (doodad 379 421 12 -10 #f))
  ((doodad 330 260 -13 -9 #f) (doodad 330 260 -13 -9 #f)))
expected:   '(world
  #f
  ((doodad 225 240 10 12 #f)
   (doodad 379 421 -12 10 #f)
   (doodad 379 421 -10 -12 #f)
   (doodad 379 421 10 12 #f)
   (doodad 379 421 12 -10 #f))
  ((doodad 330 260 -13 -9 #f)))
expression: (check-equal? (world-as-list (world-after-mouse-event (world-after-mouse-event (world-after-mouse-event (world-after-ticks-and-key-events (initial-world 10295) (list 10 "t" "t" "t" "t")) 125 120 "button-down") 379 421 "drag") 379 421 "button-up")) (quote (world #f ((doodad 225 240 10 12 #f) (doodad 379 421 -12 10 #f) (doodad 379 421 -10 -12 #f) (doodad 379 421 10 12 #f) (doodad 379 421 12 -10 #f)) ((doodad 330 260 -13 -9 #f)))))
message:    "new doodads aren't being dragged correctly"
Check failure
--------------------
--------------------
q1 > Test #43
Test #43
FAILURE
name:       check-equal?
location:   q1-bb.rkt:768:4
params:     '(#f #f #f #f)
'(#t #t #t #t)
actual:     '(#f #f #f #f)
expected:   '(#t #t #t #t)
expression: (check-equal? (let* ((w (world-after-key-event (world-after-mouse-event (world-after-mouse-event (world-after-ticks-and-key-events (initial-world 10295) (list 10 "t" "t" "t" "t")) 125 120 "button-down") 379 421 "drag") "c")) (stars (world-doodads-star w)) (stars (insertion-sort doodad< stars)) (colors1 (map doodad-color stars)) (c100 (list-ref colors1 0)) (c101 (list-ref colors1 1)) (c102 (list-ref colors1 2)) (c103 (list-ref colors1 3)) (c104 (list-ref colors1 4))) (list (colors-not-equal? c100 c101) (colors-are-equal? c101 c102) (colors-are-equal? c101 c103) (colors-are-equal? c101 c104))) (quote (#t #t #t #t)))
message:    "multiple doodads aren't responding to c key event"
Check failure
--------------------
--------------------
q1 > Test #44
Test #44
FAILURE
name:       check-equal?
location:   q1-bb.rkt:795:4
params:     '(#f #f #f #f)
'(#t #t #t #t)
actual:     '(#f #f #f #f)
expected:   '(#t #t #t #t)
expression: (check-equal? (let* ((w (world-after-key-event (world-after-mouse-event (world-after-mouse-event (world-after-ticks-and-key-events (initial-world 10295) (list 10 "t" "t" " " "t" "t")) 125 120 "button-down") 379 421 "drag") "c")) (stars (world-doodads-star w)) (stars (insertion-sort doodad< stars)) (colors1 (map doodad-color stars)) (c100 (list-ref colors1 0)) (c101 (list-ref colors1 1)) (c102 (list-ref colors1 2)) (c103 (list-ref colors1 3)) (c104 (list-ref colors1 4))) (list (colors-not-equal? c100 c101) (colors-are-equal? c101 c102) (colors-are-equal? c101 c103) (colors-are-equal? c101 c104))) (quote (#t #t #t #t)))
message:    "multiple doodads aren't responding to c key event (paused)"
Check failure
--------------------
4 success(es) 20 failure(s) 20 error(s) 44 test(s) run
extras.rkt Wed Sep 14 08:52:19 2016
q1.rkt appears to be in a correctly named folder. Running tests...
Running tests from q1.rkt...
All tests passed (39 tests).
40
