--------------------
q2 > Test #5
Test #5
FAILURE
name:       check-equal?
location:   q2-bb.rkt:146:4
params:     '(((flapjack -30 0 5))
  ((flapjack -20 0 5))
  ((flapjack 0 0 15))
  ((flapjack 25 0 10) (flapjack 35 0 2))
  ((flapjack 25 0 10) (flapjack 35 0 2))
  ((flapjack 0 40 25)))
'(((flapjack -30 0 5) (flapjack -20 0 5))
  ((flapjack -30 0 5) (flapjack -20 0 5) (flapjack 0 0 15))
  ((flapjack -20 0 5) (flapjack 0 0 15) (flapjack 0 40 25) (flapjack 25 0 10))
  ((flapjack 0 0 15) (flapjack 25 0 10) (flapjack 35 0 2))
  ((flapjack 25 0 10) (flapjack 35 0 2))
  ((flapjack 0 0 15) (flapjack 0 40 25)))
actual:     '(((flapjack -30 0 5))
  ((flapjack -20 0 5))
  ((flapjack 0 0 15))
  ((flapjack 25 0 10) (flapjack 35 0 2))
  ((flapjack 25 0 10) (flapjack 35 0 2))
  ((flapjack 0 40 25)))
expected:   '(((flapjack -30 0 5) (flapjack -20 0 5))
  ((flapjack -30 0 5) (flapjack -20 0 5) (flapjack 0 0 15))
  ((flapjack -20 0 5) (flapjack 0 0 15) (flapjack 0 40 25) (flapjack 25 0 10))
  ((flapjack 0 0 15) (flapjack 25 0 10) (flapjack 35 0 2))
  ((flapjack 25 0 10) (flapjack 35 0 2))
  ((flapjack 0 0 15) (flapjack 0 40 25)))
expression: (check-equal? (map list-of-flapjacks-as-list (map sorted-flapjacks (overlapping-flapjacks (list (make-flapjack -30 0 5) (make-flapjack -20 0 5) (make-flapjack 0 0 15) (make-flapjack 25 0 10) (make-flapjack 35 0 2) (make-flapjack 0 40 25))))) (quote (((flapjack -30 0 5) (flapjack -20 0 5)) ((flapjack -30 0 5) (flapjack -20 0 5) (flapjack 0 0 15)) ((flapjack -20 0 5) (flapjack 0 0 15) (flapjack 0 40 25) (flapjack 25 0 10)) ((flapjack 0 0 15) (flapjack 25 0 10) (flapjack 35 0 2)) ((flapjack 25 0 10) (flapjack 35 0 2)) ((flapjack 0 0 15) (flapjack 0 40 25)))))
message:    "overlapping-flapjacks fails on touching flapjacks"
Check failure
--------------------
--------------------
q2 > Test #11
Test #11
FAILURE
name:       check-equal?
location:   q2-bb.rkt:236:4
params:     '((flapjack 10 24 6)
  (flapjack 10 24 7)
  (flapjack 12 30 10)
  (flapjack 12 30 11)
  (flapjack 12 34 6)
  (flapjack 12 35 6)
  (flapjack 16.5 30 6)
  (flapjack 17 30 5))
'((flapjack 12 30 10) (flapjack 12 34 6) (flapjack 17 30 5))
actual:     '((flapjack 10 24 6)
  (flapjack 10 24 7)
  (flapjack 12 30 10)
  (flapjack 12 30 11)
  (flapjack 12 34 6)
  (flapjack 12 35 6)
  (flapjack 16.5 30 6)
  (flapjack 17 30 5))
expected:   '((flapjack 12 30 10) (flapjack 12 34 6) (flapjack 17 30 5))
expression: (check-equal? (map flapjack-as-list (sorted-flapjacks (flapjacks-in-skillet (list (make-flapjack 10 24 6) (make-flapjack 10 24 7) (make-flapjack 12 30 10) (make-flapjack 12 34 6) (make-flapjack 17 30 5) (make-flapjack 12 30 11) (make-flapjack 12 35 6) (make-flapjack 16.5 30 6)) (make-skillet 12 30 10)))) (quote ((flapjack 12 30 10) (flapjack 12 34 6) (flapjack 17 30 5))))
message:    "flapjacks-in-skillet fails on a similar example"
Check failure
--------------------
9 success(es) 2 failure(s) 0 error(s) 11 test(s) run
extras.rkt Wed Sep 14 08:52:19 2016
q2.rkt appears to be in a correctly named folder. Running tests...
Running tests from q2.rkt...
All tests passed (7 tests).
2
