--------------------
q2 > Test #13
Test #13
FAILURE
name:       check-equal?
location:   q2-bb.rkt:295:4
params:     '(27 53 64 102 119 139 176 185)
'(27 47 64 102 107 139 167 176)
actual:     '(27 53 64 102 119 139 176 185)
expected:   '(27 47 64 102 107 139 167 176)
expression: (check-equal? (core-bounce-log (initial-world 0) 200 world-doodad-star) (list 27 47 64 102 107 139 167 176))
message:    "core bounces computed incorrectly for star doodad"
Check failure
--------------------
--------------------
q2 > Test #14
Test #14
FAILURE
name:       check-equal?
location:   q2-bb.rkt:300:4
params:     '(35 38 86 88 136 138 187 188)
'(35 38 81 88 127 138 173 188)
actual:     '(35 38 86 88 136 138 187 188)
expected:   '(35 38 81 88 127 138 173 188)
expression: (check-equal? (core-bounce-log (initial-world 0) 200 world-doodad-square) (list 35 38 81 88 127 138 173 188))
message:    "core bounces computed incorrectly for square doodad"
Check failure
--------------------
--------------------
q2 > Test #15
Test #15
FAILURE
name:       check-equal?
location:   q2-bb.rkt:305:4
params:     '(251 1109 3947)
'(587 2267 3947)
actual:     '(251 1109 3947)
expected:   '(587 2267 3947)
expression: (check-equal? (core-bounce-special-log (initial-world 0) 5000 world-doodad-star) (list 587 2267 3947))
message:    "both of the star's velocity components should change sign after 588 ticks"
Check failure
--------------------
12 success(es) 3 failure(s) 0 error(s) 15 test(s) run
extras.rkt Wed Sep 14 08:52:19 2016
q2.rkt appears to be in a correctly named folder. Running tests...
Running tests from q2.rkt...
All tests passed (37 tests).
3
